<?xml version="1.0" encoding="UTF-8"?>
<!-- Generated by org.testng.reporters.JUnitReportReporter -->
<testsuite skipped="0" hostname="fedora" name="example.GroupTestNGClass1" tests="5" failures="0" timestamp="20 Jun 2017 01:53:35 GMT" time="2.700" errors="0">
  <testcase name="tc02VerifyLaunchPage" time="0.063" classname="example.GroupTestNGClass1"/>
  <testcase name="tc04VerifyLoggedInPage" time="0.052" classname="example.GroupTestNGClass1"/>
  <testcase name="tc01LaunchURL" time="2.036" classname="example.GroupTestNGClass1"/>
  <testcase name="tc05VerifyIfHyperLink" time="0.090" classname="example.GroupTestNGClass1"/>
  <testcase name="tc03EnterCredentials" time="0.459" classname="example.GroupTestNGClass1"/>
</testsuite> <!-- example.GroupTestNGClass1 -->
